# JRE version: OpenJDK Runtime Environment (8.0_152-b01) (build 1.8.0_152-release-915-b01)
# Java VM: OpenJDK 64-Bit Server VM (25.152-b01 mixed mode windows-amd64 compressed oops)
Heap:
 PSYoungGen      total 442880K, used 442387K [0x00000000e0000000, 0x00000000fe380000, 0x0000000100000000)
  eden space 420864K, 100% used [0x00000000e0000000,0x00000000f9b00000,0x00000000f9b00000)
  from space 22016K, 97% used [0x00000000fb180000,0x00000000fc684fa8,0x00000000fc700000)
  to   space 29184K, 59% used [0x00000000fc700000,0x00000000fd8103d0,0x00000000fe380000)
 ParOldGen       total 159232K, used 146055K [0x00000000a0000000, 0x00000000a9b80000, 0x00000000e0000000)
  object space 159232K, 91% used [0x00000000a0000000,0x00000000a8ea1c58,0x00000000a9b80000)
 Metaspace       used 90934K, capacity 101320K, committed 101464K, reserved 1136640K
  class space    used 11426K, capacity 13910K, committed 13952K, reserved 1048576K
GC Heap History (10 events):
Event: 9811.121 GC heap after
Heap after GC invocations=47 (full 4):
 PSYoungGen      total 490496K, used 14274K [0x00000000e0000000, 0x00000000ffe00000, 0x0000000100000000)
  eden space 457728K, 0% used [0x00000000e0000000,0x00000000e0000000,0x00000000fbf00000)
  from space 32768K, 43% used [0x00000000fbf00000,0x00000000fccf08e0,0x00000000fdf00000)
  to   space 31232K, 0% used [0x00000000fdf80000,0x00000000fdf80000,0x00000000ffe00000)
 ParOldGen       total 159232K, used 135822K [0x00000000a0000000, 0x00000000a9b80000, 0x00000000e0000000)
  object space 159232K, 85% used [0x00000000a0000000,0x00000000a84a3a30,0x00000000a9b80000)
 Metaspace       used 90153K, capacity 99622K, committed 99928K, reserved 1136640K
  class space    used 11317K, capacity 13575K, committed 13696K, reserved 1048576K
}
Event: 9911.978 GC heap before
{Heap before GC invocations=48 (full 4):
 PSYoungGen      total 490496K, used 472002K [0x00000000e0000000, 0x00000000ffe00000, 0x0000000100000000)
  eden space 457728K, 100% used [0x00000000e0000000,0x00000000fbf00000,0x00000000fbf00000)
  from space 32768K, 43% used [0x00000000fbf00000,0x00000000fccf08e0,0x00000000fdf00000)
  to   space 31232K, 0% used [0x00000000fdf80000,0x00000000fdf80000,0x00000000ffe00000)
 ParOldGen       total 159232K, used 135822K [0x00000000a0000000, 0x00000000a9b80000, 0x00000000e0000000)
  object space 159232K, 85% used [0x00000000a0000000,0x00000000a84a3a30,0x00000000a9b80000)
 Metaspace       used 90271K, capacity 99824K, committed 99928K, reserved 1136640K
  class space    used 11331K, capacity 13618K, committed 13696K, reserved 1048576K
Event: 9912.003 GC heap after
Heap after GC invocations=48 (full 4):
 PSYoungGen      total 488960K, used 15816K [0x00000000e0000000, 0x00000000ffb80000, 0x0000000100000000)
  eden space 460288K, 0% used [0x00000000e0000000,0x00000000e0000000,0x00000000fc180000)
  from space 28672K, 55% used [0x00000000fdf80000,0x00000000feef23f8,0x00000000ffb80000)
  to   space 29696K, 0% used [0x00000000fc180000,0x00000000fc180000,0x00000000fde80000)
 ParOldGen       total 159232K, used 136134K [0x00000000a0000000, 0x00000000a9b80000, 0x00000000e0000000)
  object space 159232K, 85% used [0x00000000a0000000,0x00000000a84f1a30,0x00000000a9b80000)
 Metaspace       used 90271K, capacity 99824K, committed 99928K, reserved 1136640K
  class space    used 11331K, capacity 13618K, committed 13696K, reserved 1048576K
}
Event: 10889.312 GC heap before
{Heap before GC invocations=49 (full 4):
 PSYoungGen      total 488960K, used 476104K [0x00000000e0000000, 0x00000000ffb80000, 0x0000000100000000)
  eden space 460288K, 100% used [0x00000000e0000000,0x00000000fc180000,0x00000000fc180000)
  from space 28672K, 55% used [0x00000000fdf80000,0x00000000feef23f8,0x00000000ffb80000)
  to   space 29696K, 0% used [0x00000000fc180000,0x00000000fc180000,0x00000000fde80000)
 ParOldGen       total 159232K, used 136134K [0x00000000a0000000, 0x00000000a9b80000, 0x00000000e0000000)
  object space 159232K, 85% used [0x00000000a0000000,0x00000000a84f1a30,0x00000000a9b80000)
 Metaspace       used 90555K, capacity 100474K, committed 100568K, reserved 1136640K
  class space    used 11379K, capacity 13745K, committed 13824K, reserved 1048576K
Event: 10889.329 GC heap after
Heap after GC invocations=49 (full 4):
 PSYoungGen      total 489984K, used 6971K [0x00000000e0000000, 0x0000000100000000, 0x0000000100000000)
  eden space 460288K, 0% used [0x00000000e0000000,0x00000000e0000000,0x00000000fc180000)
  from space 29696K, 23% used [0x00000000fc180000,0x00000000fc84ed88,0x00000000fde80000)
  to   space 29696K, 0% used [0x00000000fe300000,0x00000000fe300000,0x0000000100000000)
 ParOldGen       total 159232K, used 145094K [0x00000000a0000000, 0x00000000a9b80000, 0x00000000e0000000)
  object space 159232K, 91% used [0x00000000a0000000,0x00000000a8db1ba8,0x00000000a9b80000)
 Metaspace       used 90555K, capacity 100474K, committed 100568K, reserved 1136640K
  class space    used 11379K, capacity 13745K, committed 13824K, reserved 1048576K
}
Event: 11411.798 GC heap before
{Heap before GC invocations=50 (full 4):
 PSYoungGen      total 489984K, used 467259K [0x00000000e0000000, 0x0000000100000000, 0x0000000100000000)
  eden space 460288K, 100% used [0x00000000e0000000,0x00000000fc180000,0x00000000fc180000)
  from space 29696K, 23% used [0x00000000fc180000,0x00000000fc84ed88,0x00000000fde80000)
  to   space 29696K, 0% used [0x00000000fe300000,0x00000000fe300000,0x0000000100000000)
 ParOldGen       total 159232K, used 145094K [0x00000000a0000000, 0x00000000a9b80000, 0x00000000e0000000)
  object space 159232K, 91% used [0x00000000a0000000,0x00000000a8db1ba8,0x00000000a9b80000)
 Metaspace       used 90727K, capacity 100872K, committed 101208K, reserved 1136640K
  class space    used 11403K, capacity 13828K, committed 13952K, reserved 1048576K
Event: 11411.813 GC heap after
Heap after GC invocations=50 (full 4):
 PSYoungGen      total 449024K, used 8320K [0x00000000e0000000, 0x00000000feb80000, 0x0000000100000000)
  eden space 440320K, 0% used [0x00000000e0000000,0x00000000e0000000,0x00000000fae00000)
  from space 8704K, 95% used [0x00000000fe300000,0x00000000feb203b0,0x00000000feb80000)
  to   space 29696K, 0% used [0x00000000fb180000,0x00000000fb180000,0x00000000fce80000)
 ParOldGen       total 159232K, used 146047K [0x00000000a0000000, 0x00000000a9b80000, 0x00000000e0000000)
  object space 159232K, 91% used [0x00000000a0000000,0x00000000a8e9fc58,0x00000000a9b80000)
 Metaspace       used 90727K, capacity 100872K, committed 101208K, reserved 1136640K
  class space    used 11403K, capacity 13828K, committed 13952K, reserved 1048576K
}
Event: 11419.280 GC heap before
{Heap before GC invocations=51 (full 4):
 PSYoungGen      total 449024K, used 448490K [0x00000000e0000000, 0x00000000feb80000, 0x0000000100000000)
  eden space 440320K, 99% used [0x00000000e0000000,0x00000000fadda458,0x00000000fae00000)
  from space 8704K, 95% used [0x00000000fe300000,0x00000000feb203b0,0x00000000feb80000)
  to   space 29696K, 0% used [0x00000000fb180000,0x00000000fb180000,0x00000000fce80000)
 ParOldGen       total 159232K, used 146047K [0x00000000a0000000, 0x00000000a9b80000, 0x00000000e0000000)
  object space 159232K, 91% used [0x00000000a0000000,0x00000000a8e9fc58,0x00000000a9b80000)
 Metaspace       used 90790K, capacity 101000K, committed 101208K, reserved 1136640K
  class space    used 11403K, capacity 13828K, committed 13952K, reserved 1048576K
Event: 11419.303 GC heap after
Heap after GC invocations=51 (full 4):
 PSYoungGen      total 442880K, used 21523K [0x00000000e0000000, 0x00000000fe380000, 0x0000000100000000)
  eden space 420864K, 0% used [0x00000000e0000000,0x00000000e0000000,0x00000000f9b00000)
  from space 22016K, 97% used [0x00000000fb180000,0x00000000fc684fa8,0x00000000fc700000)
  to   space 29184K, 0% used [0x00000000fc700000,0x00000000fc700000,0x00000000fe380000)
 ParOldGen       total 159232K, used 146047K [0x00000000a0000000, 0x00000000a9b80000, 0x00000000e0000000)
  object space 159232K, 91% used [0x00000000a0000000,0x00000000a8e9fc58,0x00000000a9b80000)
 Metaspace       used 90790K, capacity 101000K, committed 101208K, reserved 1136640K
  class space    used 11403K, capacity 13828K, committed 13952K, reserved 1048576K
}
Event: 12427.191 GC heap before
{Heap before GC invocations=52 (full 4):
 PSYoungGen      total 442880K, used 442387K [0x00000000e0000000, 0x00000000fe380000, 0x0000000100000000)
  eden space 420864K, 100% used [0x00000000e0000000,0x00000000f9b00000,0x00000000f9b00000)
  from space 22016K, 97% used [0x00000000fb180000,0x00000000fc684fa8,0x00000000fc700000)
  to   space 29184K, 0% used [0x00000000fc700000,0x00000000fc700000,0x00000000fe380000)
 ParOldGen       total 159232K, used 146047K [0x00000000a0000000, 0x00000000a9b80000, 0x00000000e0000000)
  object space 159232K, 91% used [0x00000000a0000000,0x00000000a8e9fc58,0x00000000a9b80000)
 Metaspace       used 90934K, capacity 101320K, committed 101464K, reserved 1136640K
  class space    used 11426K, capacity 13910K, committed 13952K, reserved 1048576K

